<?xml version="1.0" encoding="utf-8"?><testsuites name="pytest tests"><testsuite name="pytest" errors="0" failures="0" skipped="0" tests="26" time="3.508" timestamp="2026-05-15T19:30:28.639699+00:00" hostname="agent-env-9dd460d3-ae24-4048-b55a-4c7f0d49d52b"><testcase classname="backend.tests.test_galactic_ki.TestHealth" name="test_root_health" time="0.247" /><testcase classname="backend.tests.test_galactic_ki.TestAuth" name="test_auth_me_with_valid_token" time="0.090" /><testcase classname="backend.tests.test_galactic_ki.TestAuth" name="test_auth_me_without_token" time="0.069" /><testcase classname="backend.tests.test_galactic_ki.TestAuth" name="test_auth_me_with_invalid_token" time="0.076" /><testcase classname="backend.tests.test_galactic_ki.TestAuth" name="test_auth_me_with_malformed_header" time="0.069" /><testcase classname="backend.tests.test_galactic_ki.TestAuth" name="test_logout_deletes_session" time="0.152" /><testcase classname="backend.tests.test_galactic_ki.TestBearerEnforcement" name="test_endpoints_require_auth[get-/api/game/state-None]" time="0.074" /><testcase classname="backend.tests.test_galactic_ki.TestBearerEnforcement" name="test_endpoints_require_auth[post-/api/game/tap-body1]" time="0.071" /><testcase classname="backend.tests.test_galactic_ki.TestBearerEnforcement" name="test_endpoints_require_auth[post-/api/game/buy-building-body2]" time="0.071" /><testcase classname="backend.tests.test_galactic_ki.TestBearerEnforcement" name="test_endpoints_require_auth[get-/api/game/leaderboard-None]" time="0.072" /><testcase classname="backend.tests.test_galactic_ki.TestGameState" name="test_initial_state_structure" time="0.078" /><testcase classname="backend.tests.test_galactic_ki.TestTap" name="test_tap_single" time="0.079" /><testcase classname="backend.tests.test_galactic_ki.TestTap" name="test_tap_multiple" time="0.321" /><testcase classname="backend.tests.test_galactic_ki.TestTap" name="test_tap_clamp_max" time="0.086" /><testcase classname="backend.tests.test_galactic_ki.TestTap" name="test_tap_clamp_min" time="0.082" /><testcase classname="backend.tests.test_galactic_ki.TestBuildings" name="test_buy_insufficient_ki" time="0.076" /><testcase classname="backend.tests.test_galactic_ki.TestBuildings" name="test_buy_unknown_building" time="0.074" /><testcase classname="backend.tests.test_galactic_ki.TestBuildings" name="test_buy_single_training_dojo" time="0.150" /><testcase classname="backend.tests.test_galactic_ki.TestBuildings" name="test_buy_bulk_quantity" time="0.224" /><testcase classname="backend.tests.test_galactic_ki.TestBuildings" name="test_buy_partial_bulk" time="0.154" /><testcase classname="backend.tests.test_galactic_ki.TestBuildings" name="test_cost_scales_1_15x" time="0.231" /><testcase classname="backend.tests.test_galactic_ki.TestCharacterLevel" name="test_level_up_at_1000_ki" time="0.456" /><testcase classname="backend.tests.test_galactic_ki.TestIdleEarnings" name="test_idle_earnings_credited" time="0.235" /><testcase classname="backend.tests.test_galactic_ki.TestLeaderboard" name="test_leaderboard_structure" time="0.074" /><testcase classname="backend.tests.test_galactic_ki.TestNoIdLeakage" name="test_no_id_in_state" time="0.072" /><testcase classname="backend.tests.test_galactic_ki.TestNoIdLeakage" name="test_no_id_in_leaderboard" time="0.072" /></testsuite></testsuites>